
================================================================================
Report Date: 2025-12-11 22:10:11 UTC
Total IPs Reported: 1
================================================================================

IP: 20.58.146.18
  Event Count: 3
  First Event: 2025-12-11T21:55:37Z
  Comment: 3 attack(s) blocked. Source: firewallCustom. Target: geeek.org/www.php
--------------------------------------------------------------------------------

================================================================================
Report Date: 2025-12-11 22:13:05 UTC
Total IPs Reported: 59
================================================================================

IP: 194.5.82.140
  Event Count: 29
  First Event: 2025-12-11T20:20:28Z
  Comment: 29 attack(s) blocked. Source: firewallCustom. Target: geeek.org/wp-admin/css/colors/
--------------------------------------------------------------------------------
IP: 4.197.249.218
  Event Count: 37
  First Event: 2025-12-11T14:14:56Z
  Comment: 37 attack(s) blocked. Source: firewallCustom. Target: feeds.geeek.org/wp-admin/user/admin.php
--------------------------------------------------------------------------------
IP: 4.193.219.228
  Event Count: 8
  First Event: 2025-12-11T14:47:46Z
  Comment: 8 attack(s) blocked. Source: firewallCustom. Target: feeds.geeek.org/abcd.php
--------------------------------------------------------------------------------
IP: 4.189.122.191
  Event Count: 39
  First Event: 2025-12-11T14:58:32Z
  Comment: 39 attack(s) blocked. Source: firewallCustom. Target: geeek.org/wp-includes/images/smilies/
--------------------------------------------------------------------------------
IP: 149.102.225.177
  Event Count: 9
  First Event: 2025-12-11T17:51:32Z
  Comment: 9 attack(s) blocked. Source: firewallCustom. Target: www.geeek.org//wp-includes/wlwmanifest.xml
--------------------------------------------------------------------------------
IP: 185.238.231.104
  Event Count: 13
  First Event: 2025-12-11T19:01:52Z
  Comment: 13 attack(s) blocked. Source: firewallCustom. Target: www.geeek.org/wp-content/plugins/core/
--------------------------------------------------------------------------------
IP: 194.5.53.211
  Event Count: 75
  First Event: 2025-12-11T17:45:22Z
  Comment: 75 attack(s) blocked. Source: firewallCustom. Target: geeek.org/file2.php
--------------------------------------------------------------------------------
IP: 194.5.53.225
  Event Count: 17
  First Event: 2025-12-11T17:46:38Z
  Comment: 17 attack(s) blocked. Source: firewallCustom. Target: geeek.org/wp-content/languages/
--------------------------------------------------------------------------------
IP: 4.241.200.97
  Event Count: 34
  First Event: 2025-12-11T17:55:12Z
  Comment: 34 attack(s) blocked. Source: firewallCustom. Target: geeek.org/mah.php
--------------------------------------------------------------------------------
IP: 103.8.24.62
  Event Count: 3
  First Event: 2025-12-10T23:16:45Z
  Comment: 3 attack(s) blocked. Source: firewallCustom. Target: www.geeek.org/.env
--------------------------------------------------------------------------------
IP: 15.235.151.203
  Event Count: 10
  First Event: 2025-12-10T22:12:55Z
  Comment: 10 attack(s) blocked. Source: firewallCustom. Target: www.geeek.org/Public/webuploader/0.1.5/server/preview.php
--------------------------------------------------------------------------------
IP: 47.128.118.112
  Event Count: 1
  First Event: 2025-12-10T22:46:22Z
  Comment: 1 attack(s) blocked. Source: firewallCustom. Target: www.geeek.org/index.php/2005/03/19
--------------------------------------------------------------------------------
IP: 194.5.82.123
  Event Count: 160
  First Event: 2025-12-11T20:16:00Z
  Comment: 160 attack(s) blocked. Source: firewallCustom. Target: geeek.org/.well-known/acme-challenge/atomlib.php
--------------------------------------------------------------------------------
IP: 194.5.82.10
  Event Count: 115
  First Event: 2025-12-11T07:00:30Z
  Comment: 115 attack(s) blocked. Source: firewallCustom. Target: feeds.geeek.org/zwso.php
--------------------------------------------------------------------------------
IP: 138.199.35.8
  Event Count: 3
  First Event: 2025-12-11T15:22:37Z
  Comment: 3 attack(s) blocked. Source: firewallCustom. Target: www.geeek.org//cms/wp-includes/wlwmanifest.xml
--------------------------------------------------------------------------------
IP: 47.128.120.84
  Event Count: 1
  First Event: 2025-12-10T22:14:26Z
  Comment: 1 attack(s) blocked. Source: firewallCustom. Target: www.geeek.org/index.php/2005/03/19
--------------------------------------------------------------------------------
IP: 172.93.218.118
  Event Count: 9
  First Event: 2025-12-11T03:26:25Z
  Comment: 9 attack(s) blocked. Source: firewallCustom. Target: www.geeek.org/wp-json/wp/v2/posts
--------------------------------------------------------------------------------
IP: 188.166.184.58
  Event Count: 8
  First Event: 2025-12-10T22:48:28Z
  Comment: 8 attack(s) blocked. Source: firewallCustom. Target: www.geeek.org/rss//wordpress/wp-includes/wlwmanifest.xml
--------------------------------------------------------------------------------
IP: 68.218.18.4
  Event Count: 21
  First Event: 2025-12-11T06:29:41Z
  Comment: 21 attack(s) blocked. Source: firewallCustom. Target: geeek.org/wp-includes/assets/autoload_classmap.php
--------------------------------------------------------------------------------
IP: 157.119.93.22
  Event Count: 1
  First Event: 2025-12-11T15:45:59Z
  Comment: 1 attack(s) blocked. Source: firewallCustom. Target: geeek.org/tempp3.php
--------------------------------------------------------------------------------
IP: 193.37.203.41
  Event Count: 1
  First Event: 2025-12-10T23:02:52Z
  Comment: 1 attack(s) blocked. Source: firewallCustom. Target: www.geeek.org/index.php/2005/03/19
--------------------------------------------------------------------------------
IP: 24.144.86.252
  Event Count: 7
  First Event: 2025-12-11T17:08:19Z
  Comment: 7 attack(s) blocked. Source: firewallCustom. Target: www.geeek.org//xmlrpc.php
--------------------------------------------------------------------------------
IP: 54.175.196.136
  Event Count: 6
  First Event: 2025-12-11T15:30:22Z
  Comment: 6 attack(s) blocked. Source: firewallCustom. Target: www.geeek.org//sito/wp-includes/wlwmanifest.xml
--------------------------------------------------------------------------------
IP: 92.44.185.78
  Event Count: 2
  First Event: 2025-12-11T03:32:26Z
  Comment: 2 attack(s) blocked. Source: firewallCustom. Target: www.geeek.org/wp-json/wp/v2/posts
--------------------------------------------------------------------------------
IP: 4.189.160.147
  Event Count: 9
  First Event: 2025-12-11T07:58:49Z
  Comment: 9 attack(s) blocked. Source: firewallCustom. Target: feeds.geeek.org/autoload_classmap/function.php
--------------------------------------------------------------------------------
IP: 129.153.203.128
  Event Count: 13
  First Event: 2025-12-11T08:03:36Z
  Comment: 13 attack(s) blocked. Source: firewallCustom. Target: www.geeek.org//xmlrpc.php
--------------------------------------------------------------------------------
IP: 3.83.144.56
  Event Count: 3
  First Event: 2025-12-11T12:50:35Z
  Comment: 3 attack(s) blocked. Source: firewallCustom. Target: www.geeek.org//cms/wp-includes/wlwmanifest.xml
--------------------------------------------------------------------------------
IP: 4.194.97.41
  Event Count: 6
  First Event: 2025-12-11T10:29:16Z
  Comment: 6 attack(s) blocked. Source: firewallCustom. Target: geeek.org/av.php
--------------------------------------------------------------------------------
IP: 4.235.98.10
  Event Count: 19
  First Event: 2025-12-11T07:57:56Z
  Comment: 19 attack(s) blocked. Source: firewallCustom. Target: geeek.org/wp-includes/block-patterns/
--------------------------------------------------------------------------------
IP: 157.55.39.203
  Event Count: 1
  First Event: 2025-12-10T23:38:01Z
  Comment: 1 attack(s) blocked. Source: firewallCustom. Target: www.geeek.org/wp-content/u.php
--------------------------------------------------------------------------------
IP: 185.238.231.97
  Event Count: 172
  First Event: 2025-12-11T18:56:50Z
  Comment: 172 attack(s) blocked. Source: firewallCustom. Target: www.geeek.org/manager.php
--------------------------------------------------------------------------------
IP: 194.5.82.37
  Event Count: 12
  First Event: 2025-12-11T07:03:47Z
  Comment: 12 attack(s) blocked. Source: firewallCustom. Target: feeds.geeek.org/wp-content/themes/seotheme/
--------------------------------------------------------------------------------
IP: 4.189.145.111
  Event Count: 53
  First Event: 2025-12-11T13:08:11Z
  Comment: 53 attack(s) blocked. Source: firewallCustom. Target: geeek.org/wp-content/config.php
--------------------------------------------------------------------------------
IP: 62.169.29.191
  Event Count: 1
  First Event: 2025-12-11T13:21:01Z
  Comment: 1 attack(s) blocked. Source: firewallCustom. Target: geeek.org/wp-admin/css/
--------------------------------------------------------------------------------
IP: 65.19.138.33
  Event Count: 1
  First Event: 2025-12-11T04:28:42Z
  Comment: 1 attack(s) blocked. Source: firewallCustom. Target: www.geeek.org/rss.php
--------------------------------------------------------------------------------
IP: 4.193.193.27
  Event Count: 7
  First Event: 2025-12-11T02:37:47Z
  Comment: 7 attack(s) blocked. Source: firewallCustom. Target: geeek.org/wp-conflg/function.php
--------------------------------------------------------------------------------
IP: 34.91.140.212
  Event Count: 1
  First Event: 2025-12-11T03:17:35Z
  Comment: 1 attack(s) blocked. Source: firewallCustom. Target: geeek.org/wp-includes/js/jquery/jquery.js
--------------------------------------------------------------------------------
IP: 143.110.134.181
  Event Count: 3
  First Event: 2025-12-11T19:52:56Z
  Comment: 3 attack(s) blocked. Source: firewallCustom. Target: www.geeek.org//news/wp-includes/wlwmanifest.xml
--------------------------------------------------------------------------------
IP: 45.149.173.217
  Event Count: 4
  First Event: 2025-12-11T12:44:42Z
  Comment: 4 attack(s) blocked. Source: firewallCustom. Target: www.geeek.org//wp2/wp-includes/wlwmanifest.xml
--------------------------------------------------------------------------------
IP: 4.190.209.17
  Event Count: 20
  First Event: 2025-12-11T12:30:38Z
  Comment: 20 attack(s) blocked. Source: firewallCustom. Target: feeds.geeek.org/wp-includes/SimplePie/index.php
--------------------------------------------------------------------------------
IP: 138.68.236.157
  Event Count: 3
  First Event: 2025-12-11T12:41:49Z
  Comment: 3 attack(s) blocked. Source: firewallCustom. Target: www.geeek.org//website/wp-includes/wlwmanifest.xml
--------------------------------------------------------------------------------
IP: 14.128.63.109
  Event Count: 1
  First Event: 2025-12-11T13:12:23Z
  Comment: 1 attack(s) blocked. Source: firewallCustom. Target: www.geeek.org/xmlrpc.php
--------------------------------------------------------------------------------
IP: 157.55.39.195
  Event Count: 1
  First Event: 2025-12-11T18:42:58Z
  Comment: 1 attack(s) blocked. Source: firewallCustom. Target: www.geeek.org/mininew.php
--------------------------------------------------------------------------------
IP: 4.197.176.116
  Event Count: 30
  First Event: 2025-12-11T17:41:19Z
  Comment: 30 attack(s) blocked. Source: firewallCustom. Target: feeds.geeek.org/edit.php
--------------------------------------------------------------------------------
IP: 113.52.133.204
  Event Count: 1
  First Event: 2025-12-11T17:41:33Z
  Comment: 1 attack(s) blocked. Source: firewallCustom. Target: www.geeek.org/login8.php
--------------------------------------------------------------------------------
IP: 143.110.147.204
  Event Count: 4
  First Event: 2025-12-11T18:59:41Z
  Comment: 4 attack(s) blocked. Source: firewallCustom. Target: www.geeek.org//wp-includes/wlwmanifest.xml
--------------------------------------------------------------------------------
IP: 77.90.185.223
  Event Count: 4
  First Event: 2025-12-11T07:48:41Z
  Comment: 4 attack(s) blocked. Source: firewallCustom. Target: www.geeek.org/wp-admin/
--------------------------------------------------------------------------------
IP: 111.68.6.102
  Event Count: 1
  First Event: 2025-12-11T18:18:38Z
  Comment: 1 attack(s) blocked. Source: firewallCustom. Target: www.geeek.org/1234.php/
--------------------------------------------------------------------------------
IP: 91.224.92.99
  Event Count: 5
  First Event: 2025-12-11T04:08:45Z
  Comment: 5 attack(s) blocked. Source: firewallCustom. Target: www.geeek.org//site/wp-includes/wlwmanifest.xml
--------------------------------------------------------------------------------
IP: 173.244.42.159
  Event Count: 1
  First Event: 2025-12-11T04:34:12Z
  Comment: 1 attack(s) blocked. Source: firewallCustom. Target: www.geeek.org/wp-login.php
--------------------------------------------------------------------------------
IP: 78.170.45.84
  Event Count: 3
  First Event: 2025-12-11T17:57:03Z
  Comment: 3 attack(s) blocked. Source: firewallCustom. Target: www.geeek.org/wp-json/wp/v2/posts
--------------------------------------------------------------------------------
IP: 144.172.106.177
  Event Count: 1
  First Event: 2025-12-11T15:11:52Z
  Comment: 1 attack(s) blocked. Source: firewallCustom. Target: geeek.org/unzipper.php
--------------------------------------------------------------------------------
IP: 185.238.231.106
  Event Count: 2
  First Event: 2025-12-11T19:01:13Z
  Comment: 2 attack(s) blocked. Source: firewallCustom. Target: www.geeek.org/wp-content/
--------------------------------------------------------------------------------
IP: 47.128.127.160
  Event Count: 1
  First Event: 2025-12-10T23:34:19Z
  Comment: 1 attack(s) blocked. Source: firewallCustom. Target: www.geeek.org/index.php/2005/03/19
--------------------------------------------------------------------------------
IP: 143.110.246.221
  Event Count: 1
  First Event: 2025-12-11T20:58:19Z
  Comment: 1 attack(s) blocked. Source: firewallCustom. Target: geeek.org/wp-admin/css/
--------------------------------------------------------------------------------
IP: 112.121.183.94
  Event Count: 1
  First Event: 2025-12-11T21:07:22Z
  Comment: 1 attack(s) blocked. Source: firewallCustom. Target: www.geeek.org/ote.php
--------------------------------------------------------------------------------
IP: 62.60.130.228
  Event Count: 1
  First Event: 2025-12-11T04:28:36Z
  Comment: 1 attack(s) blocked. Source: firewallCustom. Target: geeek.org/wp-login.php
--------------------------------------------------------------------------------
IP: 142.111.146.31
  Event Count: 1
  First Event: 2025-12-11T14:43:26Z
  Comment: 1 attack(s) blocked. Source: firewallCustom. Target: geeek.org/.env
--------------------------------------------------------------------------------
IP: 194.146.50.159
  Event Count: 1
  First Event: 2025-12-11T12:44:40Z
  Comment: 1 attack(s) blocked. Source: firewallCustom. Target: www.geeek.org/wp-json/wp/v2/posts
--------------------------------------------------------------------------------
